
ROM used: 223 (3%)
          223 (3%) including unused fragments

          0 Average locations per line
          1 Average locations per statement

RAM used: 21 (6%) at main() level
          21 (6%) worst case

Stack used: 1 worst case (out of 8 total available)

Lines Stmts  %   Files
----- ----- ---  -----
   56    35   9  RodaFônica-16F877A@20MHz.c
  331     0   0  C:\Program Files\PICC\devices\16f877A.h
   37     0   0  C:\Program Files\PICC\drivers\stdio.h
  423     0   0  C:\Program Files\PICC\drivers\string.h
   32     0   0  C:\Program Files\PICC\drivers\stddef.h
   28     0   0  C:\Program Files\PICC\drivers\ctype.h
 1351   359  91  C:\Program Files\PICC\drivers\stdlib.h
----- -----
 2258   394 Total

Page ROM  %  RAM   Vol Diff  Functions:
---- --- --- ---   --- ----  ----------
0     39  17   0   255  4.1  trata_int_timer1
0    135  61   0   541  3.4  MAIN

Program metrics:
    Functions               2
    Statements              394
    Comments                627
    Volume (V)              932
    Difficilty (D)          7.5
    Effort to implement (E) 7028
    Time to implement (T)   7 minutes
    Est Delivered Bugs (B)  0
    Cyclomatic Complexity   3
    Maintainability (MI)    90

 Segment     Used  Free
-----------  ----  ----
00000-00003     4  0  
00004-00030    45  0  
00031-007FF   174  1825  
00800-00FFF     0  2048  
01000-017FF     0  2048  
01800-01FFF     0  2048  



